<?xml version="1.0" encoding="UTF-8"?>
<!-- Generated by org.testng.reporters.JUnitReportReporter -->
<testsuite skipped="0" hostname="DESKTOP-LIIBGQ7" name="Runner.MyRunner" tests="1" failures="0" timestamp="08 Sep 2020 07:36:42 GMT" time="31.351" errors="0">
  <testcase name="feature" time="31.351" classname="Runner.MyRunner"/>
</testsuite> <!-- Runner.MyRunner -->
